2026-04-01 16:46:26,858 - instabot version: 0.117.0 (bot) - INFO - Instabot version: 0.117.0 Started
2026-04-01 16:46:26,858 - instabot version: 0.117.0 (bot) - DEBUG - Bot imported from C:\Users\pc\AppData\Local\Programs\Python\Python313\Lib\site-packages\instabot\bot\bot.py
2026-04-01 16:46:26,863 - instabot version: 0.117.0 (api_login) - INFO - Not yet logged in starting: PRE-LOGIN FLOW!
2026-04-01 16:46:27,201 - instabot version: 0.117.0 (api) - DEBUG - POST to endpoint: accounts/get_prefill_candidates/ returned response: <Response [500]>
2026-04-01 16:46:27,201 - instabot version: 0.117.0 (api) - DEBUG - Responsecode indicates error; response content: b'Oops, an error occurred.\n'
2026-04-01 16:46:27,201 - instabot version: 0.117.0 (api) - ERROR - Request returns 500 error!
2026-04-01 16:46:27,202 - instabot version: 0.117.0 (api) - ERROR - Error checking for `feedback_required`, response text is not JSON
2026-04-01 16:46:27,202 - instabot version: 0.117.0 (api) - INFO - Full Response: <Response [500]>
2026-04-01 16:46:27,203 - instabot version: 0.117.0 (api) - INFO - Response Text: Oops, an error occurred.

2026-04-01 16:46:27,203 - instabot version: 0.117.0 (api) - ERROR - Error unknown send request
2026-04-01 16:46:27,562 - instabot version: 0.117.0 (api) - DEBUG - POST to endpoint: qe/sync/ returned response: <Response [200]>
2026-04-01 16:46:27,923 - instabot version: 0.117.0 (api) - DEBUG - POST to endpoint: launcher/sync/ returned response: <Response [200]>
2026-04-01 16:46:28,261 - instabot version: 0.117.0 (api) - DEBUG - POST to endpoint: accounts/contact_point_prefill/ returned response: <Response [200]>
2026-04-01 16:46:32,995 - instabot version: 0.117.0 (api) - DEBUG - POST to endpoint: accounts/login/ returned response: <Response [400]>
2026-04-01 16:46:32,995 - instabot version: 0.117.0 (api) - DEBUG - Responsecode indicates error; response content: b'{"message":"We can send you an email to help you get back into your account.","status":"fail","error_title":"Forgotten password for chipmunk.3986088","buttons":[{"title":"Send email","action":"send_one_click_login_email"},{"title":"Try again","action":"dismiss"}],"is_cp_nonce_flow":false,"login_identifer_type":"username","login_user_input":"chipmunk.3986088","qe_device_id":"6764c95c-fa6f-42da-aac0-12c9ff288ede","login_attempt_count":1,"login_source":"unknown","error_code":1,"invalid_credentials":true,"exception_name":"UserInvalidCredentials","retry_response":null,"error_type":"bad_password"}'
2026-04-01 16:46:32,995 - instabot version: 0.117.0 (api) - ERROR - Request returns 400 error!
2026-04-01 16:46:32,996 - instabot version: 0.117.0 (api) - INFO - Instagram's error message: We can send you an email to help you get back into your account.
2026-04-01 16:46:32,996 - instabot version: 0.117.0 (api) - INFO - Error type: bad_password
2026-04-01 16:46:32,996 - instabot version: 0.117.0 (api) - ERROR - Failed to login go to instagram and change your password
2026-04-01 16:46:32,996 - instabot version: 0.117.0 (api) - INFO - Username or password is incorrect.
